Traceback (most recent call last):
  File "/opt/hostedtoolcache/Python/3.10.20/x64/lib/python3.10/site-packages/jupyter_cache/executors/utils.py", line 58, in single_nb_execution
    executenb(
  File "/opt/hostedtoolcache/Python/3.10.20/x64/lib/python3.10/site-packages/nbclient/client.py", line 1323, in execute
    return NotebookClient(nb=nb, resources=resources, km=km, **kwargs).execute()
  File "/opt/hostedtoolcache/Python/3.10.20/x64/lib/python3.10/site-packages/jupyter_core/utils/__init__.py", line 165, in wrapped
    return loop.run_until_complete(inner)
  File "/opt/hostedtoolcache/Python/3.10.20/x64/lib/python3.10/asyncio/base_events.py", line 649, in run_until_complete
    return future.result()
  File "/opt/hostedtoolcache/Python/3.10.20/x64/lib/python3.10/site-packages/nbclient/client.py", line 709, in async_execute
    await self.async_execute_cell(
  File "/opt/hostedtoolcache/Python/3.10.20/x64/lib/python3.10/site-packages/nbclient/client.py", line 1062, in async_execute_cell
    await self._check_raise_for_error(cell, cell_index, exec_reply)
  File "/opt/hostedtoolcache/Python/3.10.20/x64/lib/python3.10/site-packages/nbclient/client.py", line 918, in _check_raise_for_error
    raise CellExecutionError.from_cell_and_msg(cell, exec_reply_content)
nbclient.exceptions.CellExecutionError: An error occurred while executing the following cell:
------------------
## Ejemplo 3
Imprimir los cuadrados y los cubos de los números naturales en el intervalo [1,10]

~~~python
for i in range(1,11):
    print("x =", i, "x^2 =", i**2, "x^3 =", i**3)
~~~

**Nota:** Observe que los elementos escritos entre comillas se muestran literalmente en la salida del programa, es decir, aparecen exactamente como fueron escritos.
------------------


[0;36m  Cell [0;32mIn[1], line 2[0;36m[0m
[0;31m    Imprimir los cuadrados y los cubos de los números naturales en el intervalo [1,10][0m
[0m             ^[0m
[0;31mSyntaxError[0m[0;31m:[0m invalid syntax


