Traceback (most recent call last):
  File "/opt/hostedtoolcache/Python/3.10.20/x64/lib/python3.10/site-packages/jupyter_cache/executors/utils.py", line 58, in single_nb_execution
    executenb(
  File "/opt/hostedtoolcache/Python/3.10.20/x64/lib/python3.10/site-packages/nbclient/client.py", line 1323, in execute
    return NotebookClient(nb=nb, resources=resources, km=km, **kwargs).execute()
  File "/opt/hostedtoolcache/Python/3.10.20/x64/lib/python3.10/site-packages/jupyter_core/utils/__init__.py", line 165, in wrapped
    return loop.run_until_complete(inner)
  File "/opt/hostedtoolcache/Python/3.10.20/x64/lib/python3.10/asyncio/base_events.py", line 649, in run_until_complete
    return future.result()
  File "/opt/hostedtoolcache/Python/3.10.20/x64/lib/python3.10/site-packages/nbclient/client.py", line 709, in async_execute
    await self.async_execute_cell(
  File "/opt/hostedtoolcache/Python/3.10.20/x64/lib/python3.10/site-packages/nbclient/client.py", line 1062, in async_execute_cell
    await self._check_raise_for_error(cell, cell_index, exec_reply)
  File "/opt/hostedtoolcache/Python/3.10.20/x64/lib/python3.10/site-packages/nbclient/client.py", line 918, in _check_raise_for_error
    raise CellExecutionError.from_cell_and_msg(cell, exec_reply_content)
nbclient.exceptions.CellExecutionError: An error occurred while executing the following cell:
------------------
print("P\tQ\tP y Q\tP o Q\t P => Q\t P <=> Q ")

for P in [True, False]:
  for Q in [True, False]:
    print(P, "\t", Q, "\t", P and Q, "\t", P or Q, "\t", Implicacion(P,Q), "\t", P == Q)
------------------

----- stdout -----
P	Q	P y Q	P o Q	 P => Q	 P <=> Q
------------------

[0;31m---------------------------------------------------------------------------[0m
[0;31mNameError[0m                                 Traceback (most recent call last)
Cell [0;32mIn[1], line 5[0m
[1;32m      3[0m [38;5;28;01mfor[39;00m P [38;5;129;01min[39;00m [[38;5;28;01mTrue[39;00m, [38;5;28;01mFalse[39;00m]:
[1;32m      4[0m   [38;5;28;01mfor[39;00m Q [38;5;129;01min[39;00m [[38;5;28;01mTrue[39;00m, [38;5;28;01mFalse[39;00m]:
[0;32m----> 5[0m     [38;5;28mprint[39m(P, [38;5;124m"[39m[38;5;130;01m\t[39;00m[38;5;124m"[39m, Q, [38;5;124m"[39m[38;5;130;01m\t[39;00m[38;5;124m"[39m, P [38;5;129;01mand[39;00m Q, [38;5;124m"[39m[38;5;130;01m\t[39;00m[38;5;124m"[39m, P [38;5;129;01mor[39;00m Q, [38;5;124m"[39m[38;5;130;01m\t[39;00m[38;5;124m"[39m, [43mImplicacion[49m(P,Q), [38;5;124m"[39m[38;5;130;01m\t[39;00m[38;5;124m"[39m, P [38;5;241m==[39m Q)

[0;31mNameError[0m: name 'Implicacion' is not defined

