Traceback (most recent call last):
  File "/opt/hostedtoolcache/Python/3.10.20/x64/lib/python3.10/site-packages/jupyter_cache/executors/utils.py", line 58, in single_nb_execution
    executenb(
  File "/opt/hostedtoolcache/Python/3.10.20/x64/lib/python3.10/site-packages/nbclient/client.py", line 1323, in execute
    return NotebookClient(nb=nb, resources=resources, km=km, **kwargs).execute()
  File "/opt/hostedtoolcache/Python/3.10.20/x64/lib/python3.10/site-packages/jupyter_core/utils/__init__.py", line 165, in wrapped
    return loop.run_until_complete(inner)
  File "/opt/hostedtoolcache/Python/3.10.20/x64/lib/python3.10/asyncio/base_events.py", line 649, in run_until_complete
    return future.result()
  File "/opt/hostedtoolcache/Python/3.10.20/x64/lib/python3.10/site-packages/nbclient/client.py", line 709, in async_execute
    await self.async_execute_cell(
  File "/opt/hostedtoolcache/Python/3.10.20/x64/lib/python3.10/site-packages/nbclient/client.py", line 1062, in async_execute_cell
    await self._check_raise_for_error(cell, cell_index, exec_reply)
  File "/opt/hostedtoolcache/Python/3.10.20/x64/lib/python3.10/site-packages/nbclient/client.py", line 918, in _check_raise_for_error
    raise CellExecutionError.from_cell_and_msg(cell, exec_reply_content)
nbclient.exceptions.CellExecutionError: An error occurred while executing the following cell:
------------------
A_sp = sp.Matrix([[ 1, 2,  3],
                  [2, 4,  6],
                  [1,  -1,  1]])

b_sp = sp.Matrix([6, 12, 2])

# --- Método 1: resolver con la inversa simbólica ---
x_sympy = A_sp.inv() * b_sp
print("Solución con A⁻¹ · b (SymPy):")
sp.pprint(x_sympy)
------------------


[0;31m---------------------------------------------------------------------------[0m
[0;31mDMNonInvertibleMatrixError[0m                Traceback (most recent call last)
File [0;32m/opt/hostedtoolcache/Python/3.10.20/x64/lib/python3.10/site-packages/sympy/matrices/inverse.py:326[0m, in [0;36m_inv_DM[0;34m(dM, cancel)[0m
[1;32m    325[0m [38;5;28;01mtry[39;00m:
[0;32m--> 326[0m     dMi, den [38;5;241m=[39m [43mdM[49m[38;5;241;43m.[39;49m[43minv_den[49m[43m([49m[43m)[49m
[1;32m    327[0m [38;5;28;01mexcept[39;00m DMNonInvertibleMatrixError:

File [0;32m/opt/hostedtoolcache/Python/3.10.20/x64/lib/python3.10/site-packages/sympy/polys/matrices/domainmatrix.py:2743[0m, in [0;36mDomainMatrix.inv_den[0;34m(self, method)[0m
[1;32m   2742[0m I [38;5;241m=[39m [38;5;28mself[39m[38;5;241m.[39meye([38;5;28mself[39m[38;5;241m.[39mshape, [38;5;28mself[39m[38;5;241m.[39mdomain)
[0;32m-> 2743[0m [38;5;28;01mreturn[39;00m [38;5;28;43mself[39;49m[38;5;241;43m.[39;49m[43msolve_den[49m[43m([49m[43mI[49m[43m,[49m[43m [49m[43mmethod[49m[38;5;241;43m=[39;49m[43mmethod[49m[43m)[49m

File [0;32m/opt/hostedtoolcache/Python/3.10.20/x64/lib/python3.10/site-packages/sympy/polys/matrices/domainmatrix.py:2883[0m, in [0;36mDomainMatrix.solve_den[0;34m(self, b, method)[0m
[1;32m   2882[0m [38;5;28;01melif[39;00m method [38;5;241m==[39m [38;5;124m'[39m[38;5;124mrref[39m[38;5;124m'[39m:
[0;32m-> 2883[0m     xnum, xden [38;5;241m=[39m [38;5;28;43mself[39;49m[38;5;241;43m.[39;49m[43msolve_den_rref[49m[43m([49m[43mb[49m[43m)[49m
[1;32m   2884[0m [38;5;28;01melse[39;00m:

File [0;32m/opt/hostedtoolcache/Python/3.10.20/x64/lib/python3.10/site-packages/sympy/polys/matrices/domainmatrix.py:2935[0m, in [0;36mDomainMatrix.solve_den_rref[0;34m(self, b)[0m
[1;32m   2934[0m [38;5;28;01mif[39;00m [38;5;28mlen[39m(pivots) [38;5;241m!=[39m n [38;5;129;01mor[39;00m pivots [38;5;129;01mand[39;00m pivots[[38;5;241m-[39m[38;5;241m1[39m] [38;5;241m>[39m[38;5;241m=[39m n:
[0;32m-> 2935[0m     [38;5;28;01mraise[39;00m DMNonInvertibleMatrixError([38;5;124m"[39m[38;5;124mNon-unique solution.[39m[38;5;124m"[39m)
[1;32m   2937[0m xnum [38;5;241m=[39m Aaug_rref[:n, n:]

[0;31mDMNonInvertibleMatrixError[0m: Non-unique solution.

During handling of the above exception, another exception occurred:

[0;31mNonInvertibleMatrixError[0m                  Traceback (most recent call last)
Cell [0;32mIn[5], line 8[0m
[1;32m      5[0m b_sp [38;5;241m=[39m sp[38;5;241m.[39mMatrix([[38;5;241m6[39m, [38;5;241m12[39m, [38;5;241m2[39m])
[1;32m      7[0m [38;5;66;03m# --- Método 1: resolver con la inversa simbólica ---[39;00m
[0;32m----> 8[0m x_sympy [38;5;241m=[39m [43mA_sp[49m[38;5;241;43m.[39;49m[43minv[49m[43m([49m[43m)[49m [38;5;241m*[39m b_sp
[1;32m      9[0m [38;5;28mprint[39m([38;5;124m"[39m[38;5;124mSolución con A⁻¹ · b (SymPy):[39m[38;5;124m"[39m)
[1;32m     10[0m sp[38;5;241m.[39mpprint(x_sympy)

File [0;32m/opt/hostedtoolcache/Python/3.10.20/x64/lib/python3.10/site-packages/sympy/matrices/matrixbase.py:5223[0m, in [0;36mMatrixBase.inv[0;34m(self, method, iszerofunc, try_block_diag)[0m
[1;32m   5222[0m [38;5;28;01mdef[39;00m[38;5;250m [39m[38;5;21minv[39m([38;5;28mself[39m, method[38;5;241m=[39m[38;5;28;01mNone[39;00m, iszerofunc[38;5;241m=[39m_iszero, try_block_diag[38;5;241m=[39m[38;5;28;01mFalse[39;00m):
[0;32m-> 5223[0m     [38;5;28;01mreturn[39;00m [43m_inv[49m[43m([49m[38;5;28;43mself[39;49m[43m,[49m[43m [49m[43mmethod[49m[38;5;241;43m=[39;49m[43mmethod[49m[43m,[49m[43m [49m[43miszerofunc[49m[38;5;241;43m=[39;49m[43miszerofunc[49m[43m,[49m
[1;32m   5224[0m [43m            [49m[43mtry_block_diag[49m[38;5;241;43m=[39;49m[43mtry_block_diag[49m[43m)[49m

File [0;32m/opt/hostedtoolcache/Python/3.10.20/x64/lib/python3.10/site-packages/sympy/matrices/inverse.py:504[0m, in [0;36m_inv[0;34m(M, method, iszerofunc, try_block_diag)[0m
[1;32m    501[0m         method [38;5;241m=[39m [38;5;124m'[39m[38;5;124mGE[39m[38;5;124m'[39m
[1;32m    503[0m [38;5;28;01mif[39;00m method [38;5;241m==[39m [38;5;124m"[39m[38;5;124mDM[39m[38;5;124m"[39m:
[0;32m--> 504[0m     rv [38;5;241m=[39m [43m_inv_DM[49m[43m([49m[43mdM[49m[43m)[49m
[1;32m    505[0m [38;5;28;01melif[39;00m method [38;5;241m==[39m [38;5;124m"[39m[38;5;124mDMNC[39m[38;5;124m"[39m:
[1;32m    506[0m     rv [38;5;241m=[39m _inv_DM(dM, cancel[38;5;241m=[39m[38;5;28;01mFalse[39;00m)

File [0;32m/opt/hostedtoolcache/Python/3.10.20/x64/lib/python3.10/site-packages/sympy/matrices/inverse.py:328[0m, in [0;36m_inv_DM[0;34m(dM, cancel)[0m
[1;32m    326[0m     dMi, den [38;5;241m=[39m dM[38;5;241m.[39minv_den()
[1;32m    327[0m [38;5;28;01mexcept[39;00m DMNonInvertibleMatrixError:
[0;32m--> 328[0m     [38;5;28;01mraise[39;00m NonInvertibleMatrixError([38;5;124m"[39m[38;5;124mMatrix det == 0; not invertible.[39m[38;5;124m"[39m)
[1;32m    330[0m [38;5;28;01mif[39;00m use_exact:
[1;32m    331[0m     dMi [38;5;241m=[39m dMi[38;5;241m.[39mconvert_to(dom)

[0;31mNonInvertibleMatrixError[0m: Matrix det == 0; not invertible.

